2017-06-27 11:12:41,575 - Log4JLogChute initialized using file 'velocity.log'
2017-06-27 11:12:41,575 - Initializing Velocity, Calling init()...
2017-06-27 11:12:41,575 - Starting Apache Velocity v1.7 (compiled: 2010-11-19 12:14:37)
2017-06-27 11:12:41,575 - Default Properties File: org\apache\velocity\runtime\defaults\velocity.properties
2017-06-27 11:12:41,575 - Trying to use logger class org.apache.velocity.runtime.log.AvalonLogChute
2017-06-27 11:12:41,575 - Target log system for org.apache.velocity.runtime.log.AvalonLogChute is not available (java.lang.NoClassDefFoundError: org/apache/log/format/Formatter).  Falling back to next log system...
2017-06-27 11:12:41,575 - Trying to use logger class org.apache.velocity.runtime.log.Log4JLogChute
2017-06-27 11:12:41,575 - Using logger class org.apache.velocity.runtime.log.Log4JLogChute
2017-06-27 11:12:41,575 - ResourceLoader instantiated: org.apache.velocity.runtime.resource.loader.FileResourceLoader
2017-06-27 11:12:41,575 - Do unicode file recognition:  false
2017-06-27 11:12:41,575 - FileResourceLoader : adding path 'D:/git/wind/wind/wind-common/target/classes/template/'
2017-06-27 11:12:41,590 - ResourceCache: initialized (class org.apache.velocity.runtime.resource.ResourceCacheImpl) with class java.util.Collections$SynchronizedMap cache map.
2017-06-27 11:12:41,606 - Loaded System Directive: org.apache.velocity.runtime.directive.Stop
2017-06-27 11:12:41,606 - Loaded System Directive: org.apache.velocity.runtime.directive.Define
2017-06-27 11:12:41,606 - Loaded System Directive: org.apache.velocity.runtime.directive.Break
2017-06-27 11:12:41,606 - Loaded System Directive: org.apache.velocity.runtime.directive.Evaluate
2017-06-27 11:12:41,606 - Loaded System Directive: org.apache.velocity.runtime.directive.Literal
2017-06-27 11:12:41,606 - Loaded System Directive: org.apache.velocity.runtime.directive.Macro
2017-06-27 11:12:41,606 - Loaded System Directive: org.apache.velocity.runtime.directive.Parse
2017-06-27 11:12:41,622 - Loaded System Directive: org.apache.velocity.runtime.directive.Include
2017-06-27 11:12:41,622 - Loaded System Directive: org.apache.velocity.runtime.directive.Foreach
2017-06-27 11:12:41,653 - Created '20' parsers.
2017-06-27 11:12:41,669 - Velocimacro : "velocimacro.library" is not set.  Trying default library: VM_global_library.vm
2017-06-27 11:12:41,669 - Velocimacro : Default library not found.
2017-06-27 11:12:41,669 - Velocimacro : allowInline = true : VMs can be defined inline in templates
2017-06-27 11:12:41,669 - Velocimacro : allowInlineToOverride = false : VMs defined inline may NOT replace previous VM definitions
2017-06-27 11:12:41,669 - Velocimacro : allowInlineLocal = false : VMs defined inline will be global in scope if allowed.
2017-06-27 11:12:41,669 - Velocimacro : autoload off : VM system will not automatically reload global library macros
2017-06-27 11:12:42,590 - ResourceManager : found generatorConfig.vm with loader org.apache.velocity.runtime.resource.loader.FileResourceLoader
2017-06-27 11:12:44,372 - Null reference [template 'generatorConfig.vm', line 49, column 38] : ${generator.jdbc.driver} cannot be resolved.
2017-06-27 11:12:44,372 - Null reference [template 'generatorConfig.vm', line 50, column 40] : ${generator.jdbc.url} cannot be resolved.
2017-06-27 11:12:44,372 - Null reference [template 'generatorConfig.vm', line 51, column 33] : ${generator.jdbc.username} cannot be resolved.
2017-06-27 11:14:00,300 - ResourceManager : found Service.vm with loader org.apache.velocity.runtime.resource.loader.FileResourceLoader
2017-06-27 13:49:17,228 - Log4JLogChute initialized using file 'velocity.log'
2017-06-27 13:49:17,228 - Initializing Velocity, Calling init()...
2017-06-27 13:49:17,229 - Starting Apache Velocity v1.7 (compiled: 2010-11-19 12:14:37)
2017-06-27 13:49:17,229 - Default Properties File: org\apache\velocity\runtime\defaults\velocity.properties
2017-06-27 13:49:17,229 - Trying to use logger class org.apache.velocity.runtime.log.AvalonLogChute
2017-06-27 13:49:17,229 - Target log system for org.apache.velocity.runtime.log.AvalonLogChute is not available (java.lang.NoClassDefFoundError: org/apache/log/format/Formatter).  Falling back to next log system...
2017-06-27 13:49:17,229 - Trying to use logger class org.apache.velocity.runtime.log.Log4JLogChute
2017-06-27 13:49:17,229 - Using logger class org.apache.velocity.runtime.log.Log4JLogChute
2017-06-27 13:49:17,235 - ResourceLoader instantiated: org.apache.velocity.runtime.resource.loader.FileResourceLoader
2017-06-27 13:49:17,237 - Do unicode file recognition:  false
2017-06-27 13:49:17,237 - FileResourceLoader : adding path 'D:/git/wind/wind/wind-common/target/classes/template/'
2017-06-27 13:49:17,246 - ResourceCache: initialized (class org.apache.velocity.runtime.resource.ResourceCacheImpl) with class java.util.Collections$SynchronizedMap cache map.
2017-06-27 13:49:17,248 - Loaded System Directive: org.apache.velocity.runtime.directive.Stop
2017-06-27 13:49:17,250 - Loaded System Directive: org.apache.velocity.runtime.directive.Define
2017-06-27 13:49:17,251 - Loaded System Directive: org.apache.velocity.runtime.directive.Break
2017-06-27 13:49:17,252 - Loaded System Directive: org.apache.velocity.runtime.directive.Evaluate
2017-06-27 13:49:17,252 - Loaded System Directive: org.apache.velocity.runtime.directive.Literal
2017-06-27 13:49:17,253 - Loaded System Directive: org.apache.velocity.runtime.directive.Macro
2017-06-27 13:49:17,255 - Loaded System Directive: org.apache.velocity.runtime.directive.Parse
2017-06-27 13:49:17,255 - Loaded System Directive: org.apache.velocity.runtime.directive.Include
2017-06-27 13:49:17,256 - Loaded System Directive: org.apache.velocity.runtime.directive.Foreach
2017-06-27 13:49:17,277 - Created '20' parsers.
2017-06-27 13:49:17,281 - Velocimacro : "velocimacro.library" is not set.  Trying default library: VM_global_library.vm
2017-06-27 13:49:17,281 - Velocimacro : Default library not found.
2017-06-27 13:49:17,281 - Velocimacro : allowInline = true : VMs can be defined inline in templates
2017-06-27 13:49:17,281 - Velocimacro : allowInlineToOverride = false : VMs defined inline may NOT replace previous VM definitions
2017-06-27 13:49:17,281 - Velocimacro : allowInlineLocal = false : VMs defined inline will be global in scope if allowed.
2017-06-27 13:49:17,282 - Velocimacro : autoload off : VM system will not automatically reload global library macros
2017-06-27 13:49:17,293 - ResourceManager : found generatorConfig.vm with loader org.apache.velocity.runtime.resource.loader.FileResourceLoader
2017-06-27 13:49:17,295 - Null reference [template 'generatorConfig.vm', line 49, column 38] : ${generator.jdbc.driver} cannot be resolved.
2017-06-27 13:49:17,295 - Null reference [template 'generatorConfig.vm', line 50, column 40] : ${generator.jdbc.url} cannot be resolved.
2017-06-27 13:49:17,295 - Null reference [template 'generatorConfig.vm', line 51, column 33] : ${generator.jdbc.username} cannot be resolved.
2017-06-27 13:49:18,269 - ResourceManager : found Service.vm with loader org.apache.velocity.runtime.resource.loader.FileResourceLoader
2017-06-27 14:29:23,880 - Log4JLogChute initialized using file 'velocity.log'
2017-06-27 14:29:23,880 - Initializing Velocity, Calling init()...
2017-06-27 14:29:23,880 - Starting Apache Velocity v1.7 (compiled: 2010-11-19 12:14:37)
2017-06-27 14:29:23,880 - Default Properties File: org\apache\velocity\runtime\defaults\velocity.properties
2017-06-27 14:29:23,881 - Trying to use logger class org.apache.velocity.runtime.log.AvalonLogChute
2017-06-27 14:29:23,881 - Target log system for org.apache.velocity.runtime.log.AvalonLogChute is not available (java.lang.NoClassDefFoundError: org/apache/log/format/Formatter).  Falling back to next log system...
2017-06-27 14:29:23,881 - Trying to use logger class org.apache.velocity.runtime.log.Log4JLogChute
2017-06-27 14:29:23,881 - Using logger class org.apache.velocity.runtime.log.Log4JLogChute
2017-06-27 14:29:23,889 - ResourceLoader instantiated: org.apache.velocity.runtime.resource.loader.FileResourceLoader
2017-06-27 14:29:23,892 - Do unicode file recognition:  false
2017-06-27 14:29:23,892 - FileResourceLoader : adding path 'D:/git/wind/wind/wind-common/target/classes/template/'
2017-06-27 14:29:23,906 - ResourceCache: initialized (class org.apache.velocity.runtime.resource.ResourceCacheImpl) with class java.util.Collections$SynchronizedMap cache map.
2017-06-27 14:29:23,909 - Loaded System Directive: org.apache.velocity.runtime.directive.Stop
2017-06-27 14:29:23,912 - Loaded System Directive: org.apache.velocity.runtime.directive.Define
2017-06-27 14:29:23,913 - Loaded System Directive: org.apache.velocity.runtime.directive.Break
2017-06-27 14:29:23,914 - Loaded System Directive: org.apache.velocity.runtime.directive.Evaluate
2017-06-27 14:29:23,915 - Loaded System Directive: org.apache.velocity.runtime.directive.Literal
2017-06-27 14:29:23,918 - Loaded System Directive: org.apache.velocity.runtime.directive.Macro
2017-06-27 14:29:23,920 - Loaded System Directive: org.apache.velocity.runtime.directive.Parse
2017-06-27 14:29:23,923 - Loaded System Directive: org.apache.velocity.runtime.directive.Include
2017-06-27 14:29:23,925 - Loaded System Directive: org.apache.velocity.runtime.directive.Foreach
2017-06-27 14:29:23,966 - Created '20' parsers.
2017-06-27 14:29:23,982 - Velocimacro : "velocimacro.library" is not set.  Trying default library: VM_global_library.vm
2017-06-27 14:29:23,982 - Velocimacro : Default library not found.
2017-06-27 14:29:23,982 - Velocimacro : allowInline = true : VMs can be defined inline in templates
2017-06-27 14:29:23,982 - Velocimacro : allowInlineToOverride = false : VMs defined inline may NOT replace previous VM definitions
2017-06-27 14:29:23,983 - Velocimacro : allowInlineLocal = false : VMs defined inline will be global in scope if allowed.
2017-06-27 14:29:23,983 - Velocimacro : autoload off : VM system will not automatically reload global library macros
2017-06-27 14:29:24,405 - ResourceManager : found generatorConfig.vm with loader org.apache.velocity.runtime.resource.loader.FileResourceLoader
2017-06-27 14:29:26,925 - Null reference [template 'generatorConfig.vm', line 49, column 38] : ${generator.jdbc.driver} cannot be resolved.
2017-06-27 14:29:26,926 - Null reference [template 'generatorConfig.vm', line 50, column 40] : ${generator.jdbc.url} cannot be resolved.
2017-06-27 14:29:26,926 - Null reference [template 'generatorConfig.vm', line 51, column 33] : ${generator.jdbc.username} cannot be resolved.
2017-06-27 14:33:44,189 - ResourceManager : found Service.vm with loader org.apache.velocity.runtime.resource.loader.FileResourceLoader
2017-06-27 14:48:06,698 - Log4JLogChute initialized using file 'velocity.log'
2017-06-27 14:48:06,699 - Initializing Velocity, Calling init()...
2017-06-27 14:48:06,699 - Starting Apache Velocity v1.7 (compiled: 2010-11-19 12:14:37)
2017-06-27 14:48:06,699 - Default Properties File: org\apache\velocity\runtime\defaults\velocity.properties
2017-06-27 14:48:06,699 - Trying to use logger class org.apache.velocity.runtime.log.AvalonLogChute
2017-06-27 14:48:06,699 - Target log system for org.apache.velocity.runtime.log.AvalonLogChute is not available (java.lang.NoClassDefFoundError: org/apache/log/format/Formatter).  Falling back to next log system...
2017-06-27 14:48:06,699 - Trying to use logger class org.apache.velocity.runtime.log.Log4JLogChute
2017-06-27 14:48:06,699 - Using logger class org.apache.velocity.runtime.log.Log4JLogChute
2017-06-27 14:48:06,707 - ResourceLoader instantiated: org.apache.velocity.runtime.resource.loader.FileResourceLoader
2017-06-27 14:48:06,710 - Do unicode file recognition:  false
2017-06-27 14:48:06,710 - FileResourceLoader : adding path 'D:/git/wind/wind/wind-common/target/classes/template/'
2017-06-27 14:48:06,725 - ResourceCache: initialized (class org.apache.velocity.runtime.resource.ResourceCacheImpl) with class java.util.Collections$SynchronizedMap cache map.
2017-06-27 14:48:06,728 - Loaded System Directive: org.apache.velocity.runtime.directive.Stop
2017-06-27 14:48:06,731 - Loaded System Directive: org.apache.velocity.runtime.directive.Define
2017-06-27 14:48:06,732 - Loaded System Directive: org.apache.velocity.runtime.directive.Break
2017-06-27 14:48:06,733 - Loaded System Directive: org.apache.velocity.runtime.directive.Evaluate
2017-06-27 14:48:06,735 - Loaded System Directive: org.apache.velocity.runtime.directive.Literal
2017-06-27 14:48:06,737 - Loaded System Directive: org.apache.velocity.runtime.directive.Macro
2017-06-27 14:48:06,740 - Loaded System Directive: org.apache.velocity.runtime.directive.Parse
2017-06-27 14:48:06,742 - Loaded System Directive: org.apache.velocity.runtime.directive.Include
2017-06-27 14:48:06,744 - Loaded System Directive: org.apache.velocity.runtime.directive.Foreach
2017-06-27 14:48:06,786 - Created '20' parsers.
2017-06-27 14:48:06,803 - Velocimacro : "velocimacro.library" is not set.  Trying default library: VM_global_library.vm
2017-06-27 14:48:06,803 - Velocimacro : Default library not found.
2017-06-27 14:48:06,804 - Velocimacro : allowInline = true : VMs can be defined inline in templates
2017-06-27 14:48:06,804 - Velocimacro : allowInlineToOverride = false : VMs defined inline may NOT replace previous VM definitions
2017-06-27 14:48:06,804 - Velocimacro : allowInlineLocal = false : VMs defined inline will be global in scope if allowed.
2017-06-27 14:48:06,804 - Velocimacro : autoload off : VM system will not automatically reload global library macros
2017-06-27 14:49:03,205 - ResourceManager : found generatorConfig.vm with loader org.apache.velocity.runtime.resource.loader.FileResourceLoader
2017-06-27 14:49:13,193 - Null reference [template 'generatorConfig.vm', line 49, column 38] : ${generator.jdbc.driver} cannot be resolved.
2017-06-27 14:49:13,193 - Null reference [template 'generatorConfig.vm', line 50, column 40] : ${generator.jdbc.url} cannot be resolved.
2017-06-27 14:49:13,194 - Null reference [template 'generatorConfig.vm', line 51, column 33] : ${generator.jdbc.username} cannot be resolved.
2017-06-27 14:50:35,555 - ResourceManager : found Service.vm with loader org.apache.velocity.runtime.resource.loader.FileResourceLoader
2017-06-27 14:51:04,936 - ResourceManager : found ServiceMock.vm with loader org.apache.velocity.runtime.resource.loader.FileResourceLoader
2017-06-27 14:51:05,652 - ResourceManager : found ServiceImpl.vm with loader org.apache.velocity.runtime.resource.loader.FileResourceLoader
2017-06-27 14:51:06,359 - ResourceManager : found Service.vm with loader org.apache.velocity.runtime.resource.loader.FileResourceLoader
2017-06-27 14:51:06,887 - ResourceManager : found ServiceMock.vm with loader org.apache.velocity.runtime.resource.loader.FileResourceLoader
2017-06-27 14:51:07,403 - ResourceManager : found ServiceImpl.vm with loader org.apache.velocity.runtime.resource.loader.FileResourceLoader
2017-06-27 14:51:10,614 - ResourceManager : found Service.vm with loader org.apache.velocity.runtime.resource.loader.FileResourceLoader
2017-06-27 14:51:11,370 - ResourceManager : found ServiceMock.vm with loader org.apache.velocity.runtime.resource.loader.FileResourceLoader
2017-06-27 14:51:11,795 - ResourceManager : found ServiceImpl.vm with loader org.apache.velocity.runtime.resource.loader.FileResourceLoader
2017-06-27 14:51:12,022 - ResourceManager : found Service.vm with loader org.apache.velocity.runtime.resource.loader.FileResourceLoader
2017-06-27 14:51:12,216 - ResourceManager : found ServiceMock.vm with loader org.apache.velocity.runtime.resource.loader.FileResourceLoader
2017-06-27 14:51:12,387 - ResourceManager : found ServiceImpl.vm with loader org.apache.velocity.runtime.resource.loader.FileResourceLoader
2017-06-27 14:51:12,543 - ResourceManager : found Service.vm with loader org.apache.velocity.runtime.resource.loader.FileResourceLoader
2017-06-27 14:51:12,696 - ResourceManager : found ServiceMock.vm with loader org.apache.velocity.runtime.resource.loader.FileResourceLoader
2017-06-27 14:51:13,028 - ResourceManager : found ServiceImpl.vm with loader org.apache.velocity.runtime.resource.loader.FileResourceLoader
2017-06-27 14:51:13,206 - ResourceManager : found Service.vm with loader org.apache.velocity.runtime.resource.loader.FileResourceLoader
2017-06-27 14:51:13,377 - ResourceManager : found ServiceMock.vm with loader org.apache.velocity.runtime.resource.loader.FileResourceLoader
2017-06-27 14:51:13,563 - ResourceManager : found ServiceImpl.vm with loader org.apache.velocity.runtime.resource.loader.FileResourceLoader
2017-06-27 14:51:13,734 - ResourceManager : found Service.vm with loader org.apache.velocity.runtime.resource.loader.FileResourceLoader
2017-06-27 14:51:13,912 - ResourceManager : found ServiceMock.vm with loader org.apache.velocity.runtime.resource.loader.FileResourceLoader
2017-06-27 14:51:14,090 - ResourceManager : found ServiceImpl.vm with loader org.apache.velocity.runtime.resource.loader.FileResourceLoader
2017-06-27 14:51:14,271 - ResourceManager : found Service.vm with loader org.apache.velocity.runtime.resource.loader.FileResourceLoader
2017-06-27 14:51:14,456 - ResourceManager : found ServiceMock.vm with loader org.apache.velocity.runtime.resource.loader.FileResourceLoader
2017-06-27 14:51:14,651 - ResourceManager : found ServiceImpl.vm with loader org.apache.velocity.runtime.resource.loader.FileResourceLoader
2017-06-27 14:51:14,838 - ResourceManager : found Service.vm with loader org.apache.velocity.runtime.resource.loader.FileResourceLoader
2017-06-27 14:51:15,024 - ResourceManager : found ServiceMock.vm with loader org.apache.velocity.runtime.resource.loader.FileResourceLoader
2017-06-27 14:51:15,211 - ResourceManager : found ServiceImpl.vm with loader org.apache.velocity.runtime.resource.loader.FileResourceLoader
2017-06-27 14:51:15,382 - ResourceManager : found Service.vm with loader org.apache.velocity.runtime.resource.loader.FileResourceLoader
2017-06-27 14:51:15,560 - ResourceManager : found ServiceMock.vm with loader org.apache.velocity.runtime.resource.loader.FileResourceLoader
2017-06-27 14:51:15,730 - ResourceManager : found ServiceImpl.vm with loader org.apache.velocity.runtime.resource.loader.FileResourceLoader
